0 info it worked if it ends with ok
1 verbose cli [ '/Users/aficio/.nvm/v0.10.24/bin/node',
1 verbose cli   '/Users/aficio/.nvm/v0.10.24/bin/npm',
1 verbose cli   'install',
1 verbose cli   'jekyll' ]
2 info using npm@1.3.21
3 info using node@v0.10.24
4 warn package.json tok3n-developer-signup@0.1.0 No repository field.
5 verbose readDependencies using package.json deps
6 verbose cache add [ 'jekyll', null ]
7 verbose cache add name=undefined spec="jekyll" args=["jekyll",null]
8 verbose parsed url { protocol: null,
8 verbose parsed url   slashes: null,
8 verbose parsed url   auth: null,
8 verbose parsed url   host: null,
8 verbose parsed url   port: null,
8 verbose parsed url   hostname: null,
8 verbose parsed url   hash: null,
8 verbose parsed url   search: null,
8 verbose parsed url   query: null,
8 verbose parsed url   pathname: 'jekyll',
8 verbose parsed url   path: 'jekyll',
8 verbose parsed url   href: 'jekyll' }
9 silly lockFile bfc0b666-jekyll jekyll
10 verbose lock jekyll /Users/aficio/.npm/bfc0b666-jekyll.lock
11 silly lockFile bfc0b666-jekyll jekyll
12 silly lockFile bfc0b666-jekyll jekyll
13 verbose addNamed [ 'jekyll', '' ]
14 verbose addNamed [ null, '*' ]
15 silly lockFile c8fd568e-jekyll jekyll@
16 verbose lock jekyll@ /Users/aficio/.npm/c8fd568e-jekyll.lock
17 silly addNameRange { name: 'jekyll', range: '*', hasData: false }
18 verbose url raw jekyll
19 verbose url resolving [ 'http://registry.npmjs.org/', './jekyll' ]
20 verbose url resolved http://registry.npmjs.org/jekyll
21 info trying registry request attempt 1 at 18:34:22
22 http GET http://registry.npmjs.org/jekyll
23 http 404 http://registry.npmjs.org/jekyll
24 silly registry.get cb [ 404,
24 silly registry.get   { server: 'CouchDB/1.5.0 (Erlang OTP/R16B)',
24 silly registry.get     'content-type': 'application/json',
24 silly registry.get     via: '1.1 varnish',
24 silly registry.get     'cache-control': 'max-age=0',
24 silly registry.get     'content-length': '52',
24 silly registry.get     'accept-ranges': 'bytes',
24 silly registry.get     date: 'Sat, 29 Mar 2014 00:34:29 GMT',
24 silly registry.get     age: '0',
24 silly registry.get     connection: 'keep-alive',
24 silly registry.get     'x-served-by': 'cache-v36-ASH, cache-lax1421-LAX',
24 silly registry.get     'x-cache': 'MISS, MISS',
24 silly registry.get     'x-cache-hits': '0, 0',
24 silly registry.get     'x-timer': 'S1396053268.875300884,VS0,VS31,VE123,VE156' } ]
25 silly lockFile c8fd568e-jekyll jekyll@
26 silly lockFile c8fd568e-jekyll jekyll@
27 error 404 'jekyll' is not in the npm registry.
27 error 404 You should bug the author to publish it
27 error 404
27 error 404 Note that you can also install from a
27 error 404 tarball, folder, or http url, or git url.
28 error System Darwin 13.1.0
29 error command "/Users/aficio/.nvm/v0.10.24/bin/node" "/Users/aficio/.nvm/v0.10.24/bin/npm" "install" "jekyll"
30 error cwd /Users/aficio/Dropbox/Development/signup-source
31 error node -v v0.10.24
32 error npm -v 1.3.21
33 error code E404
34 verbose exit [ 1, true ]
